[debug] [2020-09-30T14:53:56.416Z] ----------------------------------------------------------------------
[debug] [2020-09-30T14:53:56.419Z] Command:       /usr/bin/node /usr/bin/firebase deploy
[debug] [2020-09-30T14:53:56.419Z] CLI Version:   8.10.0
[debug] [2020-09-30T14:53:56.419Z] Platform:      linux
[debug] [2020-09-30T14:53:56.419Z] Node Version:  v12.18.3
[debug] [2020-09-30T14:53:56.420Z] Time:          Wed Sep 30 2020 20:23:56 GMT+0530 (India Standard Time)
[debug] [2020-09-30T14:53:56.420Z] ----------------------------------------------------------------------
[debug] [2020-09-30T14:53:56.420Z] 
[debug] [2020-09-30T14:53:56.427Z] > command requires scopes: ["email","openid","https://www.googleapis.com/auth/cloudplatformprojects.readonly","https://www.googleapis.com/auth/firebase","https://www.googleapis.com/auth/cloud-platform"]
[debug] [2020-09-30T14:53:56.427Z] > authorizing via signed-in user
[debug] [2020-09-30T14:53:56.428Z] [iam] checking project sapient-casestudy for permissions ["firebase.projects.get","firebasehosting.sites.update"]
[debug] [2020-09-30T14:53:56.431Z] >>> HTTP REQUEST POST https://cloudresourcemanager.googleapis.com/v1/projects/sapient-casestudy:testIamPermissions  
 {"permissions":["firebase.projects.get","firebasehosting.sites.update"]}
[debug] [2020-09-30T14:53:58.382Z] <<< HTTP RESPONSE 200 {"content-type":"application/json; charset=UTF-8","vary":"X-Origin, Referer, Origin,Accept-Encoding","date":"Wed, 30 Sep 2020 14:53:58 GMT","server":"ESF","cache-control":"private","x-xss-protection":"0","x-frame-options":"SAMEORIGIN","x-content-type-options":"nosniff","server-timing":"gfet4t7; dur=1289","alt-svc":"h3-Q050=\":443\"; ma=2592000,h3-29=\":443\"; ma=2592000,h3-27=\":443\"; ma=2592000,h3-T051=\":443\"; ma=2592000,h3-T050=\":443\"; ma=2592000,h3-Q046=\":443\"; ma=2592000,h3-Q043=\":443\"; ma=2592000,quic=\":443\"; ma=2592000; v=\"46,43\"","accept-ranges":"none","transfer-encoding":"chunked"}
[debug] [2020-09-30T14:53:58.386Z] >>> HTTP REQUEST GET https://firebase.googleapis.com/v1beta1/projects/sapient-casestudy  
 
[debug] [2020-09-30T14:53:59.336Z] <<< HTTP RESPONSE 200 {"content-type":"application/json; charset=UTF-8","vary":"X-Origin, Referer, Origin,Accept-Encoding","date":"Wed, 30 Sep 2020 14:53:59 GMT","server":"ESF","cache-control":"private","x-xss-protection":"0","x-frame-options":"SAMEORIGIN","x-content-type-options":"nosniff","alt-svc":"h3-Q050=\":443\"; ma=2592000,h3-29=\":443\"; ma=2592000,h3-27=\":443\"; ma=2592000,h3-T051=\":443\"; ma=2592000,h3-T050=\":443\"; ma=2592000,h3-Q046=\":443\"; ma=2592000,h3-Q043=\":443\"; ma=2592000,quic=\":443\"; ma=2592000; v=\"46,43\"","accept-ranges":"none","transfer-encoding":"chunked"}
[info] 
[info] === Deploying to 'sapient-casestudy'...
[info] 
[info] i  deploying hosting 
[debug] [2020-09-30T14:53:59.347Z] >>> HTTP REQUEST POST https://firebasehosting.googleapis.com/v1beta1/sites/sapient-casestudy/versions  
 {"config":{"rewrites":[{"glob":"**","path":"/index.html"}]},"labels":{"deployment-tool":"cli-firebase"}}
[debug] [2020-09-30T14:56:10.723Z] Error: connect ETIMEDOUT 216.58.200.138:443
    at TCPConnectWrap.afterConnect [as oncomplete] (net.js:1141:16)
[error] 
[error] Error: Server Error. connect ETIMEDOUT 216.58.200.138:443
[debug] [2020-09-30T14:56:22.016Z] ----------------------------------------------------------------------
[debug] [2020-09-30T14:56:22.018Z] Command:       /usr/bin/node /usr/bin/firebase deploy
[debug] [2020-09-30T14:56:22.018Z] CLI Version:   8.10.0
[debug] [2020-09-30T14:56:22.018Z] Platform:      linux
[debug] [2020-09-30T14:56:22.019Z] Node Version:  v12.18.3
[debug] [2020-09-30T14:56:22.019Z] Time:          Wed Sep 30 2020 20:26:22 GMT+0530 (India Standard Time)
[debug] [2020-09-30T14:56:22.019Z] ----------------------------------------------------------------------
[debug] [2020-09-30T14:56:22.019Z] 
[debug] [2020-09-30T14:56:22.026Z] > command requires scopes: ["email","openid","https://www.googleapis.com/auth/cloudplatformprojects.readonly","https://www.googleapis.com/auth/firebase","https://www.googleapis.com/auth/cloud-platform"]
[debug] [2020-09-30T14:56:22.026Z] > authorizing via signed-in user
[debug] [2020-09-30T14:56:22.027Z] [iam] checking project sapient-casestudy for permissions ["firebase.projects.get","firebasehosting.sites.update"]
[debug] [2020-09-30T14:56:22.030Z] >>> HTTP REQUEST POST https://cloudresourcemanager.googleapis.com/v1/projects/sapient-casestudy:testIamPermissions  
 {"permissions":["firebase.projects.get","firebasehosting.sites.update"]}
[debug] [2020-09-30T14:56:22.794Z] <<< HTTP RESPONSE 200 {"content-type":"application/json; charset=UTF-8","vary":"X-Origin, Referer, Origin,Accept-Encoding","date":"Wed, 30 Sep 2020 14:56:22 GMT","server":"ESF","cache-control":"private","x-xss-protection":"0","x-frame-options":"SAMEORIGIN","x-content-type-options":"nosniff","server-timing":"gfet4t7; dur=221","alt-svc":"h3-Q050=\":443\"; ma=2592000,h3-29=\":443\"; ma=2592000,h3-27=\":443\"; ma=2592000,h3-T051=\":443\"; ma=2592000,h3-T050=\":443\"; ma=2592000,h3-Q046=\":443\"; ma=2592000,h3-Q043=\":443\"; ma=2592000,quic=\":443\"; ma=2592000; v=\"46,43\"","accept-ranges":"none","transfer-encoding":"chunked"}
[debug] [2020-09-30T14:56:22.800Z] >>> HTTP REQUEST GET https://firebase.googleapis.com/v1beta1/projects/sapient-casestudy  
 
[debug] [2020-09-30T14:56:23.809Z] <<< HTTP RESPONSE 200 {"content-type":"application/json; charset=UTF-8","vary":"X-Origin, Referer, Origin,Accept-Encoding","date":"Wed, 30 Sep 2020 14:56:23 GMT","server":"ESF","cache-control":"private","x-xss-protection":"0","x-frame-options":"SAMEORIGIN","x-content-type-options":"nosniff","alt-svc":"h3-Q050=\":443\"; ma=2592000,h3-29=\":443\"; ma=2592000,h3-27=\":443\"; ma=2592000,h3-T051=\":443\"; ma=2592000,h3-T050=\":443\"; ma=2592000,h3-Q046=\":443\"; ma=2592000,h3-Q043=\":443\"; ma=2592000,quic=\":443\"; ma=2592000; v=\"46,43\"","accept-ranges":"none","transfer-encoding":"chunked"}
[info] 
[info] === Deploying to 'sapient-casestudy'...
[info] 
[info] i  deploying hosting 
[debug] [2020-09-30T14:56:23.814Z] >>> HTTP REQUEST POST https://firebasehosting.googleapis.com/v1beta1/sites/sapient-casestudy/versions  
 {"config":{"rewrites":[{"glob":"**","path":"/index.html"}]},"labels":{"deployment-tool":"cli-firebase"}}
[debug] [2020-09-30T14:58:34.116Z] Error: connect ETIMEDOUT 216.58.200.138:443
    at TCPConnectWrap.afterConnect [as oncomplete] (net.js:1141:16)
[error] 
[error] Error: Server Error. connect ETIMEDOUT 216.58.200.138:443
